This is pdfTeX, Version 3.14159265-2.6-1.40.20 (TeX Live 2019) (preloaded format=pdflatex 2019.6.8)  13 JAN 2021 23:14
entering extended mode
 restricted \write18 enabled.
 file:line:error style messages enabled.
 %&-line parsing enabled.
**"/Users/gregoirehaniquaut/Dropbox/3 - ENSAE_Dakar/S1/Econometrie_qualitative/Projet/Latex/00_main.tex"
(/Users/gregoirehaniquaut/Dropbox/3 - ENSAE_Dakar/S1/Econometrie_qualitative/Projet/Latex/00_main.tex
LaTeX2e <2018-12-01>
(/usr/local/texlive/2019/texmf-dist/tex/latex/base/article.cls
Document Class: article 2018/09/03 v1.4i Standard LaTeX document class
(/usr/local/texlive/2019/texmf-dist/tex/latex/base/size10.clo
File: size10.clo 2018/09/03 v1.4i Standard LaTeX file (size option)
)
\c@part=\count80
\c@section=\count81
\c@subsection=\count82
\c@subsubsection=\count83
\c@paragraph=\count84
\c@subparagraph=\count85
\c@figure=\count86
\c@table=\count87
\abovecaptionskip=\skip41
\belowcaptionskip=\skip42
\bibindent=\dimen102
) (/Users/gregoirehaniquaut/Dropbox/3 - ENSAE_Dakar/S1/Econometrie_qualitative/Projet/Latex/packages.tex (/usr/local/texlive/2019/texmf-dist/tex/latex/base/fontenc.sty
Package: fontenc 2018/08/11 v2.0j Standard LaTeX package
 (/usr/local/texlive/2019/texmf-dist/tex/latex/base/t1enc.def
File: t1enc.def 2018/08/11 v2.0j Standard LaTeX file
LaTeX Font Info:    Redeclaring font encoding T1 on input line 48.
)) (/usr/local/texlive/2019/texmf-dist/tex/generic/babel/babel.sty
Package: babel 2019/05/04 3.31 The Babel package
 (/usr/local/texlive/2019/texmf-dist/tex/generic/babel/switch.def
File: switch.def 2019/05/04 3.31 Babel switching mechanism
) (/usr/local/texlive/2019/texmf-dist/tex/generic/babel-french/francais.ldf
Language: francais 2019/03/30 v3.5e French support from the babel system


Package francais.ldf Warning: Option `francais' for Babel is *deprecated*,
(francais.ldf)                it might be removed sooner or later. Please
(francais.ldf)                use `french' instead; reported on input line 31.

(/usr/local/texlive/2019/texmf-dist/tex/generic/babel-french/french.ldf
Language: french 2019/03/30 v3.5e French support from the babel system
 (/usr/local/texlive/2019/texmf-dist/tex/generic/babel/babel.def
File: babel.def 2019/05/04 3.31 Babel common definitions
\babel@savecnt=\count88
\U@D=\dimen103
 (/usr/local/texlive/2019/texmf-dist/tex/generic/babel/txtbabel.def)
\bbl@dirlevel=\count89
)
\l@acadian = a dialect from \language\l@french 
\FB@nonchar=\count90
Package babel Info: Making : an active character on input line 414.
Package babel Info: Making ; an active character on input line 415.
Package babel Info: Making ! an active character on input line 416.
Package babel Info: Making ? an active character on input line 417.
\FBguill@level=\count91
\FBold@everypar=\toks14
\FB@Mht=\dimen104
\mc@charclass=\count92
\mc@charfam=\count93
\mc@charslot=\count94
\std@mcc=\count95
\dec@mcc=\count96
\c@FBcaption@count=\count97
\listindentFB=\dimen105
\descindentFB=\dimen106
\labelindentFB=\dimen107
\labelwidthFB=\dimen108
\leftmarginFB=\dimen109
\parindentFFN=\dimen110
\FBfnindent=\dimen111
))) (/usr/local/texlive/2019/texmf-dist/tex/latex/carlisle/scalefnt.sty) (/usr/local/texlive/2019/texmf-dist/tex/latex/graphics/keyval.sty
Package: keyval 2014/10/28 v1.15 key=value parser (DPC)
\KV@toks@=\toks15
) (/usr/local/texlive/2019/texmf-dist/tex/latex/base/inputenc.sty
Package: inputenc 2018/08/11 v1.3c Input encoding file
\inpenc@prehook=\toks16
\inpenc@posthook=\toks17
) (/usr/local/texlive/2019/texmf-dist/tex/latex/tools/layout.sty
Package: layout 2014/10/28 v1.2c Show layout parameters
\oneinch=\count98
\cnt@paperwidth=\count99
\cnt@paperheight=\count100
\cnt@hoffset=\count101
\cnt@voffset=\count102
\cnt@textheight=\count103
\cnt@textwidth=\count104
\cnt@topmargin=\count105
\cnt@oddsidemargin=\count106
\cnt@evensidemargin=\count107
\cnt@headheight=\count108
\cnt@headsep=\count109
\cnt@marginparsep=\count110
\cnt@marginparwidth=\count111
\cnt@marginparpush=\count112
\cnt@footskip=\count113
\fheight=\count114
\ref@top=\count115
\ref@hoffset=\count116
\ref@voffset=\count117
\ref@head=\count118
\ref@body=\count119
\ref@foot=\count120
\ref@margin=\count121
\ref@marginwidth=\count122
\ref@marginpar=\count123
\Interval=\count124
\ExtraYPos=\count125
\PositionX=\count126
\PositionY=\count127
\ArrowLength=\count128
) (/usr/local/texlive/2019/texmf-dist/tex/latex/geometry/geometry.sty
Package: geometry 2018/04/16 v5.8 Page Geometry
 (/usr/local/texlive/2019/texmf-dist/tex/generic/oberdiek/ifpdf.sty
Package: ifpdf 2018/09/07 v3.3 Provides the ifpdf switch
) (/usr/local/texlive/2019/texmf-dist/tex/generic/oberdiek/ifvtex.sty
Package: ifvtex 2016/05/16 v1.6 Detect VTeX and its facilities (HO)
Package ifvtex Info: VTeX not detected.
) (/usr/local/texlive/2019/texmf-dist/tex/generic/ifxetex/ifxetex.sty
Package: ifxetex 2010/09/12 v0.6 Provides ifxetex conditional
)
\Gm@cnth=\count129
\Gm@cntv=\count130
\c@Gm@tempcnt=\count131
\Gm@bindingoffset=\dimen112
\Gm@wd@mp=\dimen113
\Gm@odd@mp=\dimen114
\Gm@even@mp=\dimen115
\Gm@layoutwidth=\dimen116
\Gm@layoutheight=\dimen117
\Gm@layouthoffset=\dimen118
\Gm@layoutvoffset=\dimen119
\Gm@dimlist=\toks18
) (/usr/local/texlive/2019/texmf-dist/tex/latex/setspace/setspace.sty
Package: setspace 2011/12/19 v6.7a set line spacing
) (/usr/local/texlive/2019/texmf-dist/tex/latex/lm/lmodern.sty
Package: lmodern 2009/10/30 v1.6 Latin Modern Fonts
LaTeX Font Info:    Overwriting symbol font `operators' in version `normal'
(Font)                  OT1/cmr/m/n --> OT1/lmr/m/n on input line 22.
LaTeX Font Info:    Overwriting symbol font `letters' in version `normal'
(Font)                  OML/cmm/m/it --> OML/lmm/m/it on input line 23.
LaTeX Font Info:    Overwriting symbol font `symbols' in version `normal'
(Font)                  OMS/cmsy/m/n --> OMS/lmsy/m/n on input line 24.
LaTeX Font Info:    Overwriting symbol font `largesymbols' in version `normal'
(Font)                  OMX/cmex/m/n --> OMX/lmex/m/n on input line 25.
LaTeX Font Info:    Overwriting symbol font `operators' in version `bold'
(Font)                  OT1/cmr/bx/n --> OT1/lmr/bx/n on input line 26.
LaTeX Font Info:    Overwriting symbol font `letters' in version `bold'
(Font)                  OML/cmm/b/it --> OML/lmm/b/it on input line 27.
LaTeX Font Info:    Overwriting symbol font `symbols' in version `bold'
(Font)                  OMS/cmsy/b/n --> OMS/lmsy/b/n on input line 28.
LaTeX Font Info:    Overwriting symbol font `largesymbols' in version `bold'
(Font)                  OMX/cmex/m/n --> OMX/lmex/m/n on input line 29.
LaTeX Font Info:    Overwriting math alphabet `\mathbf' in version `normal'
(Font)                  OT1/cmr/bx/n --> OT1/lmr/bx/n on input line 31.
LaTeX Font Info:    Overwriting math alphabet `\mathsf' in version `normal'
(Font)                  OT1/cmss/m/n --> OT1/lmss/m/n on input line 32.
LaTeX Font Info:    Overwriting math alphabet `\mathit' in version `normal'
(Font)                  OT1/cmr/m/it --> OT1/lmr/m/it on input line 33.
LaTeX Font Info:    Overwriting math alphabet `\mathtt' in version `normal'
(Font)                  OT1/cmtt/m/n --> OT1/lmtt/m/n on input line 34.
LaTeX Font Info:    Overwriting math alphabet `\mathbf' in version `bold'
(Font)                  OT1/cmr/bx/n --> OT1/lmr/bx/n on input line 35.
LaTeX Font Info:    Overwriting math alphabet `\mathsf' in version `bold'
(Font)                  OT1/cmss/bx/n --> OT1/lmss/bx/n on input line 36.
LaTeX Font Info:    Overwriting math alphabet `\mathit' in version `bold'
(Font)                  OT1/cmr/bx/it --> OT1/lmr/bx/it on input line 37.
LaTeX Font Info:    Overwriting math alphabet `\mathtt' in version `bold'
(Font)                  OT1/cmtt/m/n --> OT1/lmtt/m/n on input line 38.
) (/usr/local/texlive/2019/texmf-dist/tex/latex/url/url.sty
\Urlmuskip=\muskip10
Package: url 2013/09/16  ver 3.4  Verb mode for urls, etc.
) (/usr/local/texlive/2019/texmf-dist/tex/latex/hyperref/hyperref.sty
Package: hyperref 2018/11/30 v6.88e Hypertext links for LaTeX
 (/usr/local/texlive/2019/texmf-dist/tex/generic/oberdiek/hobsub-hyperref.sty
Package: hobsub-hyperref 2016/05/16 v1.14 Bundle oberdiek, subset hyperref (HO)
 (/usr/local/texlive/2019/texmf-dist/tex/generic/oberdiek/hobsub-generic.sty
Package: hobsub-generic 2016/05/16 v1.14 Bundle oberdiek, subset generic (HO)
Package: hobsub 2016/05/16 v1.14 Construct package bundles (HO)
Package: infwarerr 2016/05/16 v1.4 Providing info/warning/error messages (HO)
Package: ltxcmds 2016/05/16 v1.23 LaTeX kernel commands for general use (HO)
Package: ifluatex 2016/05/16 v1.4 Provides the ifluatex switch (HO)
Package ifluatex Info: LuaTeX not detected.
Package hobsub Info: Skipping package `ifvtex' (already loaded).
Package: intcalc 2016/05/16 v1.2 Expandable calculations with integers (HO)
Package hobsub Info: Skipping package `ifpdf' (already loaded).
Package: etexcmds 2016/05/16 v1.6 Avoid name clashes with e-TeX commands (HO)
Package: kvsetkeys 2016/05/16 v1.17 Key value parser (HO)
Package: kvdefinekeys 2016/05/16 v1.4 Define keys (HO)
Package: pdftexcmds 2018/09/10 v0.29 Utility functions of pdfTeX for LuaTeX (HO)
Package pdftexcmds Info: LuaTeX not detected.
Package pdftexcmds Info: \pdf@primitive is available.
Package pdftexcmds Info: \pdf@ifprimitive is available.
Package pdftexcmds Info: \pdfdraftmode found.
Package: pdfescape 2016/05/16 v1.14 Implements pdfTeX's escape features (HO)
Package: bigintcalc 2016/05/16 v1.4 Expandable calculations on big integers (HO)
Package: bitset 2016/05/16 v1.2 Handle bit-vector datatype (HO)
Package: uniquecounter 2016/05/16 v1.3 Provide unlimited unique counter (HO)
)
Package hobsub Info: Skipping package `hobsub' (already loaded).
Package: letltxmacro 2016/05/16 v1.5 Let assignment for LaTeX macros (HO)
Package: hopatch 2016/05/16 v1.3 Wrapper for package hooks (HO)
Package: xcolor-patch 2016/05/16 xcolor patch
Package: atveryend 2016/05/16 v1.9 Hooks at the very end of document (HO)
Package atveryend Info: \enddocument detected (standard20110627).
Package: atbegshi 2016/06/09 v1.18 At begin shipout hook (HO)
Package: refcount 2016/05/16 v3.5 Data extraction from label references (HO)
Package: hycolor 2016/05/16 v1.8 Color options for hyperref/bookmark (HO)
) (/usr/local/texlive/2019/texmf-dist/tex/latex/oberdiek/auxhook.sty
Package: auxhook 2016/05/16 v1.4 Hooks for auxiliary files (HO)
) (/usr/local/texlive/2019/texmf-dist/tex/latex/oberdiek/kvoptions.sty
Package: kvoptions 2016/05/16 v3.12 Key value format for package options (HO)
)
\@linkdim=\dimen120
\Hy@linkcounter=\count132
\Hy@pagecounter=\count133
 (/usr/local/texlive/2019/texmf-dist/tex/latex/hyperref/pd1enc.def
File: pd1enc.def 2018/11/30 v6.88e Hyperref: PDFDocEncoding definition (HO)
Now handling font encoding PD1 ...
... no UTF-8 mapping file for font encoding PD1
)
\Hy@SavedSpaceFactor=\count134
 (/usr/local/texlive/2019/texmf-dist/tex/latex/latexconfig/hyperref.cfg
File: hyperref.cfg 2002/06/06 v1.2 hyperref configuration of TeXLive
)
Package hyperref Info: Hyper figures OFF on input line 4519.
Package hyperref Info: Link nesting OFF on input line 4524.
Package hyperref Info: Hyper index ON on input line 4527.
Package hyperref Info: Plain pages OFF on input line 4534.
Package hyperref Info: Backreferencing OFF on input line 4539.
Package hyperref Info: Implicit mode ON; LaTeX internals redefined.
Package hyperref Info: Bookmarks ON on input line 4772.
\c@Hy@tempcnt=\count135
LaTeX Info: Redefining \url on input line 5125.
\XeTeXLinkMargin=\dimen121
\Fld@menulength=\count136
\Field@Width=\dimen122
\Fld@charsize=\dimen123
Package hyperref Info: Hyper figures OFF on input line 6380.
Package hyperref Info: Link nesting OFF on input line 6385.
Package hyperref Info: Hyper index ON on input line 6388.
Package hyperref Info: backreferencing OFF on input line 6395.
Package hyperref Info: Link coloring OFF on input line 6400.
Package hyperref Info: Link coloring with OCG OFF on input line 6405.
Package hyperref Info: PDF/A mode OFF on input line 6410.
LaTeX Info: Redefining \ref on input line 6450.
LaTeX Info: Redefining \pageref on input line 6454.
\Hy@abspage=\count137
\c@Item=\count138
\c@Hfootnote=\count139
)
Package hyperref Info: Driver (autodetected): hpdftex.
 (/usr/local/texlive/2019/texmf-dist/tex/latex/hyperref/hpdftex.def
File: hpdftex.def 2018/11/30 v6.88e Hyperref driver for pdfTeX
\Fld@listcount=\count140
\c@bookmark@seq@number=\count141
 (/usr/local/texlive/2019/texmf-dist/tex/latex/oberdiek/rerunfilecheck.sty
Package: rerunfilecheck 2016/05/16 v1.8 Rerun checks for auxiliary files (HO)
Package uniquecounter Info: New unique counter `rerunfilecheck' on input line 282.
)
\Hy@SectionHShift=\skip43
) (/usr/local/texlive/2019/texmf-dist/tex/latex/graphics/graphicx.sty
Package: graphicx 2017/06/01 v1.1a Enhanced LaTeX Graphics (DPC,SPQR)
 (/usr/local/texlive/2019/texmf-dist/tex/latex/graphics/graphics.sty
Package: graphics 2017/06/25 v1.2c Standard LaTeX Graphics (DPC,SPQR)
 (/usr/local/texlive/2019/texmf-dist/tex/latex/graphics/trig.sty
Package: trig 2016/01/03 v1.10 sin cos tan (DPC)
) (/usr/local/texlive/2019/texmf-dist/tex/latex/graphics-cfg/graphics.cfg
File: graphics.cfg 2016/06/04 v1.11 sample graphics configuration
)
Package graphics Info: Driver file: pdftex.def on input line 99.
 (/usr/local/texlive/2019/texmf-dist/tex/latex/graphics-def/pdftex.def
File: pdftex.def 2018/01/08 v1.0l Graphics/color driver for pdftex
))
\Gin@req@height=\dimen124
\Gin@req@width=\dimen125
) (/usr/local/texlive/2019/texmf-dist/tex/latex/diagbox/diagbox.sty
Package: diagbox 2016/12/28 v2.2 Making table heads with diagonal lines
 (/usr/local/texlive/2019/texmf-dist/tex/latex/pict2e/pict2e.sty
Package: pict2e 2016/02/05 v0.3b Improved picture commands (HjG,RN,JT)
 (/usr/local/texlive/2019/texmf-dist/tex/latex/pict2e/pict2e.cfg
File: pict2e.cfg 2016/02/05 v0.1u pict2e configuration for teTeX/TeXLive
)
Package pict2e Info: Driver file: pdftex.def on input line 119.
Package pict2e Info: Driver file for pict2e: p2e-pdftex.def on input line 121.
 (/usr/local/texlive/2019/texmf-dist/tex/latex/pict2e/p2e-pdftex.def
File: p2e-pdftex.def 2016/02/05 v0.1u Driver-dependant file (RN,HjG,JT)
)
\pIIe@GRAPH=\toks19
\@arclen=\dimen126
\@arcrad=\dimen127
\@tempdimd=\dimen128
) (/usr/local/texlive/2019/texmf-dist/tex/latex/fp/fp.sty
Package: fp 1995/04/02
 `Fixed Point Package', Version 0.8, April 2, 1995 (C) Michael Mehlich (/usr/local/texlive/2019/texmf-dist/tex/latex/fp/defpattern.sty
Package: defpattern 1994/10/12
\actioncount=\count142
) (/usr/local/texlive/2019/texmf-dist/tex/latex/fp/fp-basic.sty
Package: fp-basic 1996/05/13
\FP@xs=\count143
\FP@xia=\count144
\FP@xib=\count145
\FP@xfa=\count146
\FP@xfb=\count147
\FP@rega=\count148
\FP@regb=\count149
\FP@regs=\count150
\FP@times=\count151
) (/usr/local/texlive/2019/texmf-dist/tex/latex/fp/fp-addons.sty
Package: fp-addons 1995/03/15
) (/usr/local/texlive/2019/texmf-dist/tex/latex/fp/fp-snap.sty
Package: fp-snap 1995/04/05
) (/usr/local/texlive/2019/texmf-dist/tex/latex/fp/fp-exp.sty
Package: fp-exp 1995/04/03
) (/usr/local/texlive/2019/texmf-dist/tex/latex/fp/fp-trigo.sty
Package: fp-trigo 1995/04/14
) (/usr/local/texlive/2019/texmf-dist/tex/latex/fp/fp-pas.sty
Package: fp-pas 1994/08/29
) (/usr/local/texlive/2019/texmf-dist/tex/latex/fp/fp-random.sty
Package: fp-random 1995/02/23
\FPseed=\count152
) (/usr/local/texlive/2019/texmf-dist/tex/latex/fp/fp-eqn.sty
Package: fp-eqn 1995/04/03
) (/usr/local/texlive/2019/texmf-dist/tex/latex/fp/fp-upn.sty
Package: fp-upn 1996/10/21
) (/usr/local/texlive/2019/texmf-dist/tex/latex/fp/fp-eval.sty
Package: fp-eval 1995/04/03
)) (/usr/local/texlive/2019/texmf-dist/tex/latex/tools/calc.sty
Package: calc 2017/05/25 v4.3 Infix arithmetic (KKT,FJ)
\calc@Acount=\count153
\calc@Bcount=\count154
\calc@Adimen=\dimen129
\calc@Bdimen=\dimen130
\calc@Askip=\skip44
\calc@Bskip=\skip45
LaTeX Info: Redefining \setlength on input line 80.
LaTeX Info: Redefining \addtolength on input line 81.
\calc@Ccount=\count155
\calc@Cskip=\skip46
) (/usr/local/texlive/2019/texmf-dist/tex/latex/tools/array.sty
Package: array 2018/12/30 v2.4k Tabular extension package (FMi)
\col@sep=\dimen131
\ar@mcellbox=\box27
\extrarowheight=\dimen132
\NC@list=\toks20
\extratabsurround=\skip47
\backup@length=\skip48
\ar@cellbox=\box28
)
\diagbox@boxa=\box29
\diagbox@boxb=\box30
\diagbox@boxm=\box31
\diagbox@wd=\dimen133
\diagbox@ht=\dimen134
\diagbox@insepl=\dimen135
\diagbox@insepr=\dimen136
\diagbox@outsepl=\dimen137
\diagbox@outsepr=\dimen138
) (/usr/local/texlive/2019/texmf-dist/tex/latex/eurosym/eurosym.sty
Package: eurosym 1998/08/06 v1.1 European currency symbol ``Euro''
\@eurobox=\box32
) (/usr/local/texlive/2019/texmf-dist/tex/latex/caption/caption.sty
Package: caption 2018/10/06 v3.3-154 Customizing captions (AR)
 (/usr/local/texlive/2019/texmf-dist/tex/latex/caption/caption3.sty
Package: caption3 2018/09/12 v1.8c caption3 kernel (AR)
Package caption3 Info: TeX engine: e-TeX on input line 64.
\captionmargin=\dimen139
\captionmargin@=\dimen140
\captionwidth=\dimen141
\caption@tempdima=\dimen142
\caption@indent=\dimen143
\caption@parindent=\dimen144
\caption@hangindent=\dimen145
)
\c@caption@flags=\count156
\c@ContinuedFloat=\count157
Package caption Info: hyperref package is loaded.
) (/usr/local/texlive/2019/texmf-dist/tex/latex/tools/longtable.sty
Package: longtable 2014/10/28 v4.11 Multi-page Table package (DPC)+ FMi change
\LTleft=\skip49
\LTright=\skip50
\LTpre=\skip51
\LTpost=\skip52
\LTchunksize=\count158
\LTcapwidth=\dimen146
\LT@head=\box33
\LT@firsthead=\box34
\LT@foot=\box35
\LT@lastfoot=\box36
\LT@cols=\count159
\LT@rows=\count160
\c@LT@tables=\count161
\c@LT@chunks=\count162
\LT@p@ftn=\toks21
) (/usr/local/texlive/2019/texmf-dist/tex/latex/amsmath/amsmath.sty
Package: amsmath 2018/12/01 v2.17b AMS math features
\@mathmargin=\skip53

For additional information on amsmath, use the `?' option.
(/usr/local/texlive/2019/texmf-dist/tex/latex/amsmath/amstext.sty
Package: amstext 2000/06/29 v2.01 AMS text
 (/usr/local/texlive/2019/texmf-dist/tex/latex/amsmath/amsgen.sty
File: amsgen.sty 1999/11/30 v2.0 generic functions
\@emptytoks=\toks22
\ex@=\dimen147
)) (/usr/local/texlive/2019/texmf-dist/tex/latex/amsmath/amsbsy.sty
Package: amsbsy 1999/11/29 v1.2d Bold Symbols
\pmbraise@=\dimen148
) (/usr/local/texlive/2019/texmf-dist/tex/latex/amsmath/amsopn.sty
Package: amsopn 2016/03/08 v2.02 operator names
)
\inf@bad=\count163
LaTeX Info: Redefining \frac on input line 223.
\uproot@=\count164
\leftroot@=\count165
LaTeX Info: Redefining \overline on input line 385.
\classnum@=\count166
\DOTSCASE@=\count167
LaTeX Info: Redefining \ldots on input line 482.
LaTeX Info: Redefining \dots on input line 485.
LaTeX Info: Redefining \cdots on input line 606.
\Mathstrutbox@=\box37
\strutbox@=\box38
\big@size=\dimen149
LaTeX Font Info:    Redeclaring font encoding OML on input line 729.
LaTeX Font Info:    Redeclaring font encoding OMS on input line 730.
\macc@depth=\count168
\c@MaxMatrixCols=\count169
\dotsspace@=\muskip11
\c@parentequation=\count170
\dspbrk@lvl=\count171
\tag@help=\toks23
\row@=\count172
\column@=\count173
\maxfields@=\count174
\andhelp@=\toks24
\eqnshift@=\dimen150
\alignsep@=\dimen151
\tagshift@=\dimen152
\tagwidth@=\dimen153
\totwidth@=\dimen154
\lineht@=\dimen155
\@envbody=\toks25
\multlinegap=\skip54
\multlinetaggap=\skip55
\mathdisplay@stack=\toks26
LaTeX Info: Redefining \[ on input line 2844.
LaTeX Info: Redefining \] on input line 2845.
) (/usr/local/texlive/2019/texmf-dist/tex/latex/amsfonts/amssymb.sty
Package: amssymb 2013/01/14 v3.01 AMS font symbols
 (/usr/local/texlive/2019/texmf-dist/tex/latex/amsfonts/amsfonts.sty
Package: amsfonts 2013/01/14 v3.01 Basic AMSFonts support
\symAMSa=\mathgroup4
\symAMSb=\mathgroup5
LaTeX Font Info:    Overwriting math alphabet `\mathfrak' in version `bold'
(Font)                  U/euf/m/n --> U/euf/b/n on input line 106.
)) (/usr/local/texlive/2019/texmf-dist/tex/latex/jknapltx/mathrsfs.sty
Package: mathrsfs 1996/01/01 Math RSFS package v1.0 (jk)
\symrsfs=\mathgroup6
) (/usr/local/texlive/2019/texmf-dist/tex/latex/tools/multicol.sty
Package: multicol 2018/12/27 v1.8v multicolumn formatting (FMi)
\c@tracingmulticols=\count175
\mult@box=\box39
\multicol@leftmargin=\dimen156
\c@unbalance=\count176
\c@collectmore=\count177
\doublecol@number=\count178
\multicoltolerance=\count179
\multicolpretolerance=\count180
\full@width=\dimen157
\page@free=\dimen158
\premulticols=\dimen159
\postmulticols=\dimen160
\multicolsep=\skip56
\multicolbaselineskip=\skip57
\partial@page=\box40
\last@line=\box41
\maxbalancingoverflow=\dimen161
\mult@rightbox=\box42
\mult@grightbox=\box43
\mult@gfirstbox=\box44
\mult@firstbox=\box45
\@tempa=\box46
\@tempa=\box47
\@tempa=\box48
\@tempa=\box49
\@tempa=\box50
\@tempa=\box51
\@tempa=\box52
\@tempa=\box53
\@tempa=\box54
\@tempa=\box55
\@tempa=\box56
\@tempa=\box57
\@tempa=\box58
\@tempa=\box59
\@tempa=\box60
\@tempa=\box61
\@tempa=\box62
\c@columnbadness=\count181
\c@finalcolumnbadness=\count182
\last@try=\dimen162
\multicolovershoot=\dimen163
\multicolundershoot=\dimen164
\mult@nat@firstbox=\box63
\colbreak@box=\box64
\mc@col@check@num=\count183
) (/usr/local/texlive/2019/texmf-dist/tex/latex/pdfpages/pdfpages.sty
Package: pdfpages 2017/10/31 v0.5l Insert pages of external PDF documents (AM)
 (/usr/local/texlive/2019/texmf-dist/tex/latex/base/ifthen.sty
Package: ifthen 2014/09/29 v1.1c Standard LaTeX ifthen package (DPC)
) (/usr/local/texlive/2019/texmf-dist/tex/latex/eso-pic/eso-pic.sty
Package: eso-pic 2018/04/12 v2.0h eso-pic (RN)
 (/usr/local/texlive/2019/texmf-dist/tex/latex/xcolor/xcolor.sty
Package: xcolor 2016/05/11 v2.12 LaTeX color extensions (UK)
 (/usr/local/texlive/2019/texmf-dist/tex/latex/graphics-cfg/color.cfg
File: color.cfg 2016/01/02 v1.6 sample color configuration
)
Package xcolor Info: Driver file: pdftex.def on input line 225.
Package xcolor Info: Model `cmy' substituted by `cmy0' on input line 1348.
Package xcolor Info: Model `hsb' substituted by `rgb' on input line 1352.
Package xcolor Info: Model `RGB' extended on input line 1364.
Package xcolor Info: Model `HTML' substituted by `rgb' on input line 1366.
Package xcolor Info: Model `Hsb' substituted by `hsb' on input line 1367.
Package xcolor Info: Model `tHsb' substituted by `hsb' on input line 1368.
Package xcolor Info: Model `HSB' substituted by `hsb' on input line 1369.
Package xcolor Info: Model `Gray' substituted by `gray' on input line 1370.
Package xcolor Info: Model `wave' substituted by `hsb' on input line 1371.
))
\AM@pagewidth=\dimen165
\AM@pageheight=\dimen166
 (/usr/local/texlive/2019/texmf-dist/tex/latex/pdfpages/pppdftex.def
File: pppdftex.def 2017/10/31 v0.5l Pdfpages driver for pdfTeX (AM)
)
\AM@pagebox=\box65
\AM@global@opts=\toks27
\AM@toc@title=\toks28
\c@AM@survey=\count184
\AM@templatesizebox=\box66
) (/usr/local/texlive/2019/texmf-dist/tex/latex/placeins/placeins.sty
Package: placeins 2005/04/18  v 2.2
) (/usr/local/texlive/2019/texmf-dist/tex/latex/base/fontenc.sty
Package: fontenc 2018/08/11 v2.0j Standard LaTeX package
 (/usr/local/texlive/2019/texmf-dist/tex/latex/base/t1enc.def
File: t1enc.def 2018/08/11 v2.0j Standard LaTeX file
LaTeX Font Info:    Redeclaring font encoding T1 on input line 48.
)) (/usr/local/texlive/2019/texmf-dist/tex/latex/mathtools/mathtools.sty
Package: mathtools 2018/01/08 v1.21 mathematical typesetting tools
 (/usr/local/texlive/2019/texmf-dist/tex/latex/mathtools/mhsetup.sty
Package: mhsetup 2017/03/31 v1.3 programming setup (MH)
)
LaTeX Info: Thecontrolsequence`\('isalreadyrobust on input line 129.
LaTeX Info: Thecontrolsequence`\)'isalreadyrobust on input line 129.
LaTeX Info: Thecontrolsequence`\['isalreadyrobust on input line 129.
LaTeX Info: Thecontrolsequence`\]'isalreadyrobust on input line 129.
\g_MT_multlinerow_int=\count185
\l_MT_multwidth_dim=\dimen167
\origjot=\skip58
\l_MT_shortvdotswithinadjustabove_dim=\dimen168
\l_MT_shortvdotswithinadjustbelow_dim=\dimen169
\l_MT_above_intertext_sep=\dimen170
\l_MT_below_intertext_sep=\dimen171
\l_MT_above_shortintertext_sep=\dimen172
\l_MT_below_shortintertext_sep=\dimen173
) (/usr/local/texlive/2019/texmf-dist/tex/latex/siunitx/siunitx.sty (/usr/local/texlive/2019/texmf-dist/tex/latex/l3kernel/expl3.sty
Package: expl3 2019-05-07 L3 programming layer (loader) 
 (/usr/local/texlive/2019/texmf-dist/tex/latex/l3kernel/expl3-code.tex
Package: expl3 2019-05-07 L3 programming layer (code)
\c_max_int=\count186
\l_tmpa_int=\count187
\l_tmpb_int=\count188
\g_tmpa_int=\count189
\g_tmpb_int=\count190
\g__kernel_prg_map_int=\count191
\c__ior_term_ior=\count192
\c_log_iow=\count193
\l_iow_line_count_int=\count194
\l__iow_line_target_int=\count195
\l__iow_one_indent_int=\count196
\l__iow_indent_int=\count197
\c_zero_dim=\dimen174
\c_max_dim=\dimen175
\l_tmpa_dim=\dimen176
\l_tmpb_dim=\dimen177
\g_tmpa_dim=\dimen178
\g_tmpb_dim=\dimen179
\c_zero_skip=\skip59
\c_max_skip=\skip60
\l_tmpa_skip=\skip61
\l_tmpb_skip=\skip62
\g_tmpa_skip=\skip63
\g_tmpb_skip=\skip64
\c_zero_muskip=\muskip12
\c_max_muskip=\muskip13
\l_tmpa_muskip=\muskip14
\l_tmpb_muskip=\muskip15
\g_tmpa_muskip=\muskip16
\g_tmpb_muskip=\muskip17
\l_keys_choice_int=\count198
\l__intarray_loop_int=\count199
\c__intarray_sp_dim=\dimen180
\g__intarray_font_int=\count266
\c__fp_leading_shift_int=\count267
\c__fp_middle_shift_int=\count268
\c__fp_trailing_shift_int=\count269
\c__fp_big_leading_shift_int=\count270
\c__fp_big_middle_shift_int=\count271
\c__fp_big_trailing_shift_int=\count272
\c__fp_Bigg_leading_shift_int=\count273
\c__fp_Bigg_middle_shift_int=\count274
\c__fp_Bigg_trailing_shift_int=\count275
\c__kernel_randint_max_int=\count276
\g__fp_array_int=\count277
\l__fp_array_loop_int=\count278
\l__sort_length_int=\count279
\l__sort_min_int=\count280
\l__sort_top_int=\count281
\l__sort_max_int=\count282
\l__sort_true_max_int=\count283
\l__sort_block_int=\count284
\l__sort_begin_int=\count285
\l__sort_end_int=\count286
\l__sort_A_int=\count287
\l__sort_B_int=\count288
\l__sort_C_int=\count289
\l__tl_analysis_normal_int=\count290
\l__tl_analysis_index_int=\count291
\l__tl_analysis_nesting_int=\count292
\l__tl_analysis_type_int=\count293
\l__regex_internal_a_int=\count294
\l__regex_internal_b_int=\count295
\l__regex_internal_c_int=\count296
\l__regex_balance_int=\count297
\l__regex_group_level_int=\count298
\l__regex_mode_int=\count299
\c__regex_cs_in_class_mode_int=\count300
\c__regex_cs_mode_int=\count301
\l__regex_catcodes_int=\count302
\l__regex_default_catcodes_int=\count303
\c__regex_catcode_D_int=\count304
\c__regex_catcode_S_int=\count305
\c__regex_catcode_L_int=\count306
\c__regex_catcode_O_int=\count307
\c__regex_catcode_A_int=\count308
\c__regex_all_catcodes_int=\count309
\l__regex_show_lines_int=\count310
\l__regex_min_state_int=\count311
\l__regex_max_state_int=\count312
\l__regex_left_state_int=\count313
\l__regex_right_state_int=\count314
\l__regex_capturing_group_int=\count315
\l__regex_min_pos_int=\count316
\l__regex_max_pos_int=\count317
\l__regex_curr_pos_int=\count318
\l__regex_start_pos_int=\count319
\l__regex_success_pos_int=\count320
\l__regex_curr_char_int=\count321
\l__regex_curr_catcode_int=\count322
\l__regex_last_char_int=\count323
\l__regex_case_changed_char_int=\count324
\l__regex_curr_state_int=\count325
\l__regex_step_int=\count326
\l__regex_min_active_int=\count327
\l__regex_max_active_int=\count328
\l__regex_replacement_csnames_int=\count329
\l__regex_match_count_int=\count330
\l__regex_min_submatch_int=\count331
\l__regex_submatch_int=\count332
\l__regex_zeroth_submatch_int=\count333
\g__regex_trace_regex_int=\count334
\c_empty_box=\box67
\l_tmpa_box=\box68
\l_tmpb_box=\box69
\g_tmpa_box=\box70
\g_tmpb_box=\box71
\l__box_top_dim=\dimen181
\l__box_bottom_dim=\dimen182
\l__box_left_dim=\dimen183
\l__box_right_dim=\dimen184
\l__box_top_new_dim=\dimen185
\l__box_bottom_new_dim=\dimen186
\l__box_left_new_dim=\dimen187
\l__box_right_new_dim=\dimen188
\l__box_internal_box=\box72
\l__coffin_internal_box=\box73
\l__coffin_internal_dim=\dimen189
\l__coffin_offset_x_dim=\dimen190
\l__coffin_offset_y_dim=\dimen191
\l__coffin_x_dim=\dimen192
\l__coffin_y_dim=\dimen193
\l__coffin_x_prime_dim=\dimen194
\l__coffin_y_prime_dim=\dimen195
\c_empty_coffin=\box74
\l__coffin_aligned_coffin=\box75
\l__coffin_aligned_internal_coffin=\box76
\l_tmpa_coffin=\box77
\l_tmpb_coffin=\box78
\g_tmpa_coffin=\box79
\g_tmpb_coffin=\box80
\l__coffin_bounding_shift_dim=\dimen196
\l__coffin_left_corner_dim=\dimen197
\l__coffin_right_corner_dim=\dimen198
\l__coffin_bottom_corner_dim=\dimen199
\l__coffin_top_corner_dim=\dimen256
\l__coffin_scaled_total_height_dim=\dimen257
\l__coffin_scaled_width_dim=\dimen258
\c__coffin_empty_coffin=\box81
\l__coffin_display_coffin=\box82
\l__coffin_display_coord_coffin=\box83
\l__coffin_display_pole_coffin=\box84
\l__coffin_display_offset_dim=\dimen259
\l__coffin_display_x_dim=\dimen260
\l__coffin_display_y_dim=\dimen261
\g__file_internal_ior=\read1
\l__seq_internal_a_int=\count335
\l__seq_internal_b_int=\count336
\c__deprecation_minus_one=\count337
) (/usr/local/texlive/2019/texmf-dist/tex/latex/l3kernel/l3pdfmode.def
File: l3pdfmode.def 2019-04-06 v L3 Experimental driver: PDF mode
\l__driver_color_stack_int=\count338
\l__driver_pdf_tmp_box=\box85
)) (/usr/local/texlive/2019/texmf-dist/tex/latex/l3packages/xparse/xparse.sty
Package: xparse 2019-05-03 L3 Experimental document command parser
\l__xparse_current_arg_int=\count339
\g__xparse_grabber_int=\count340
\l__xparse_m_args_int=\count341
\l__xparse_v_nesting_int=\count342
)
Package: siunitx 2018/05/17 v2.7s A comprehensive (SI) units package
 (/usr/local/texlive/2019/texmf-dist/tex/latex/l3packages/l3keys2e/l3keys2e.sty
Package: l3keys2e 2019-05-03 LaTeX2e option processing using LaTeX3 keys
)
\l__siunitx_tmp_box=\box86
\l__siunitx_tmp_dim=\dimen262
\l__siunitx_tmp_int=\count343
\l__siunitx_number_mantissa_length_int=\count344
\l__siunitx_number_uncert_length_int=\count345
\l__siunitx_round_int=\count346
\l__siunitx_process_decimal_int=\count347
\l__siunitx_process_uncertainty_int=\count348
\l__siunitx_process_fixed_int=\count349
\l__siunitx_process_integer_min_int=\count350
\l__siunitx_process_precision_int=\count351
\l__siunitx_group_min_int=\count352
\l__siunitx_angle_marker_box=\box87
\l__siunitx_angle_unit_box=\box88
\l__siunitx_angle_marker_dim=\dimen263
\l__siunitx_angle_unit_dim=\dimen264
\l__siunitx_unit_int=\count353
\l__siunitx_unit_denominator_int=\count354
\l__siunitx_unit_numerator_int=\count355
\l__siunitx_unit_prefix_int=\count356
\l__siunitx_unit_prefix_base_int=\count357
\l__siunitx_unit_prefix_gram_int=\count358
\l__siunitx_number_product_int=\count359
\c__siunitx_one_fill_skip=\skip65
\l__siunitx_table_unit_align_skip=\skip66
\l__siunitx_table_exponent_dim=\dimen265
\l__siunitx_table_integer_dim=\dimen266
\l__siunitx_table_mantissa_dim=\dimen267
\l__siunitx_table_marker_dim=\dimen268
\l__siunitx_table_result_dim=\dimen269
\l__siunitx_table_uncert_dim=\dimen270
\l__siunitx_table_fill_pre_dim=\dimen271
\l__siunitx_table_fill_post_dim=\dimen272
\l__siunitx_table_fill_mid_dim=\dimen273
\l__siunitx_table_pre_box=\box89
\l__siunitx_table_post_box=\box90
\l__siunitx_table_mantissa_box=\box91
\l__siunitx_table_result_box=\box92
\l__siunitx_table_number_align_skip=\skip67
\l__siunitx_table_text_align_skip=\skip68
 (/usr/local/texlive/2019/texmf-dist/tex/latex/translator/translator.sty
Package: translator 2018/01/04 v1.12 Easy translation of strings in LaTeX
)) (/usr/local/texlive/2019/texmf-dist/tex/latex/float/float.sty
Package: float 2001/11/08 v1.3d Float enhancements (AL)
\c@float@type=\count360
\float@exts=\toks29
\float@box=\box93
\@float@everytoks=\toks30
\@floatcapt=\box94
) (/usr/local/texlive/2019/texmf-dist/tex/latex/caption/subcaption.sty
Package: subcaption 2018/05/01 v1.1-162 Sub-captions (AR)
\c@subfigure=\count361
\c@subtable=\count362
) (/usr/local/texlive/2019/texmf-dist/tex/latex/wallpaper/wallpaper.sty
Package: wallpaper 2005/01/18, v1.01 easy wallpaper formatting (MHFW)
\wpXoffset=\skip69
\wpYoffset=\skip70
\tileXoffset=\skip71
\tileYoffset=\skip72
\tilewidth=\skip73
\tileheight=\skip74
\tileX=\skip75
\tileY=\skip76
) (/usr/local/texlive/2019/texmf-dist/tex/latex/nomencl/nomencl.sty
Package: nomencl 2019/05/05 v5.2 Nomenclature package
 (/usr/local/texlive/2019/texmf-dist/tex/latex/xkeyval/xkeyval.sty
Package: xkeyval 2014/12/03 v2.7a package option processing (HA)
 (/usr/local/texlive/2019/texmf-dist/tex/generic/xkeyval/xkeyval.tex (/usr/local/texlive/2019/texmf-dist/tex/generic/xkeyval/xkvutils.tex
\XKV@toks=\toks31
\XKV@tempa@toks=\toks32
)
\XKV@depth=\count363
File: xkeyval.tex 2014/12/03 v2.7a key=value parser (HA)
)) (/usr/local/texlive/2019/texmf-dist/tex/latex/koma-script/tocbasic.sty
Package: tocbasic 2019/02/01 v3.26b KOMA-Script package (handling toc-files)
 (/usr/local/texlive/2019/texmf-dist/tex/latex/koma-script/scrbase.sty
Package: scrbase 2019/02/01 v3.26b KOMA-Script package (KOMA-Script-independent basics and keyval usage)
 (/usr/local/texlive/2019/texmf-dist/tex/latex/koma-script/scrlfile.sty
Package: scrlfile 2019/02/01 v3.26b KOMA-Script package (loading files)
))
\scr@dte@tocline@numberwidth=\skip77
\scr@dte@tocline@numbox=\box95
)
Package tocbasic Info: setting babel extension for `nlo' on input line 155.
Package tocbasic Info: setting babel extension for `nls' on input line 156.
\nomlabelwidth=\dimen274
\nom@tempdim=\dimen275
\nomitemsep=\skip78
) (/usr/local/texlive/2019/texmf-dist/tex/latex/fancyhdr/fancyhdr.sty
Package: fancyhdr 2019/01/31 v3.10 Extensive control of page headers and footers
\f@nch@headwidth=\skip79
\f@nch@O@elh=\skip80
\f@nch@O@erh=\skip81
\f@nch@O@olh=\skip82
\f@nch@O@orh=\skip83
\f@nch@O@elf=\skip84
\f@nch@O@erf=\skip85
\f@nch@O@olf=\skip86
\f@nch@O@orf=\skip87
) (/usr/local/texlive/2019/texmf-dist/tex/generic/systeme/systeme.sty (/usr/local/texlive/2019/texmf-dist/tex/generic/xstring/xstring.sty (/usr/local/texlive/2019/texmf-dist/tex/generic/xstring/xstring.tex
\integerpart=\count364
\decimalpart=\count365
)
Package: xstring 2019/02/06 v1.83 String manipulations (CT)
) (/usr/local/texlive/2019/texmf-dist/tex/generic/systeme/systeme.tex
\SYS_systemecode=\toks33
\SYS_systempreamble=\toks34
\SYSeqnum=\count366
)
Package: systeme 2019/01/13 v0.32 Mise en forme de systemes d'equations (CT)
)) (/Users/gregoirehaniquaut/Dropbox/3 - ENSAE_Dakar/S1/Econometrie_qualitative/Projet/Latex/00_main.aux)
\openout1 = `00_main.aux'.

LaTeX Font Info:    Checking defaults for OML/cmm/m/it on input line 10.
LaTeX Font Info:    ... okay on input line 10.
LaTeX Font Info:    Checking defaults for T1/cmr/m/n on input line 10.
LaTeX Font Info:    ... okay on input line 10.
LaTeX Font Info:    Checking defaults for OT1/cmr/m/n on input line 10.
LaTeX Font Info:    ... okay on input line 10.
LaTeX Font Info:    Checking defaults for OMS/cmsy/m/n on input line 10.
LaTeX Font Info:    ... okay on input line 10.
LaTeX Font Info:    Checking defaults for OMX/cmex/m/n on input line 10.
LaTeX Font Info:    ... okay on input line 10.
LaTeX Font Info:    Checking defaults for U/cmr/m/n on input line 10.
LaTeX Font Info:    ... okay on input line 10.
LaTeX Font Info:    Checking defaults for PD1/pdf/m/n on input line 10.
LaTeX Font Info:    ... okay on input line 10.
LaTeX Font Info:    Try loading font information for T1+lmr on input line 10.
 (/usr/local/texlive/2019/texmf-dist/tex/latex/lm/t1lmr.fd
File: t1lmr.fd 2009/10/30 v1.6 Font defs for Latin Modern
)
LaTeX Info: Redefining \degres on input line 10.
LaTeX Info: Redefining \dots on input line 10.
LaTeX Info: Redefining \up on input line 10.

*geometry* driver: auto-detecting
*geometry* detected driver: pdftex
*geometry* verbose mode - [ preamble ] result:
* driver: pdftex
* paper: <default>
* layout: <same size as paper>
* layoutoffset:(h,v)=(0.0pt,0.0pt)
* modes: 
* h-part:(L,W,R)=(85.35826pt, 443.57848pt, 85.35826pt)
* v-part:(T,H,B)=(85.35826pt, 624.25346pt, 85.35826pt)
* \paperwidth=614.295pt
* \paperheight=794.96999pt
* \textwidth=443.57848pt
* \textheight=624.25346pt
* \oddsidemargin=13.08827pt
* \evensidemargin=13.08827pt
* \topmargin=-23.91173pt
* \headheight=12.0pt
* \headsep=25.0pt
* \topskip=10.0pt
* \footskip=30.0pt
* \marginparwidth=65.0pt
* \marginparsep=11.0pt
* \columnsep=10.0pt
* \skip\footins=9.0pt plus 4.0pt minus 2.0pt
* \hoffset=0.0pt
* \voffset=0.0pt
* \mag=1000
* \@twocolumnfalse
* \@twosidefalse
* \@mparswitchfalse
* \@reversemarginfalse
* (1in=72.27pt=25.4mm, 1cm=28.453pt)

\AtBeginShipoutBox=\box96
Package hyperref Info: Link coloring OFF on input line 10.
(/usr/local/texlive/2019/texmf-dist/tex/latex/hyperref/nameref.sty
Package: nameref 2016/05/21 v2.44 Cross-referencing by name of section
 (/usr/local/texlive/2019/texmf-dist/tex/generic/oberdiek/gettitlestring.sty
Package: gettitlestring 2016/05/16 v1.5 Cleanup title references (HO)
)
\c@section@level=\count367
)
LaTeX Info: Redefining \ref on input line 10.
LaTeX Info: Redefining \pageref on input line 10.
LaTeX Info: Redefining \nameref on input line 10.
 (/Users/gregoirehaniquaut/Dropbox/3 - ENSAE_Dakar/S1/Econometrie_qualitative/Projet/Latex/00_main.out) (/Users/gregoirehaniquaut/Dropbox/3 - ENSAE_Dakar/S1/Econometrie_qualitative/Projet/Latex/00_main.out)
\@outlinefile=\write3
\openout3 = `00_main.out'.

 (/usr/local/texlive/2019/texmf-dist/tex/context/base/mkii/supp-pdf.mkii
[Loading MPS to PDF converter (version 2006.09.02).]
\scratchcounter=\count368
\scratchdimen=\dimen276
\scratchbox=\box97
\nofMPsegments=\count369
\nofMParguments=\count370
\everyMPshowfont=\toks35
\MPscratchCnt=\count371
\MPscratchDim=\dimen277
\MPnumerator=\count372
\makeMPintoPDFobject=\count373
\everyMPtoPDFconversion=\toks36
) (/usr/local/texlive/2019/texmf-dist/tex/latex/oberdiek/epstopdf-base.sty
Package: epstopdf-base 2016/05/15 v2.6 Base part for package epstopdf
 (/usr/local/texlive/2019/texmf-dist/tex/latex/oberdiek/grfext.sty
Package: grfext 2016/05/16 v1.2 Manage graphics extensions (HO)
)
Package epstopdf-base Info: Redefining graphics rule for `.eps' on input line 438.
Package grfext Info: Graphics extension search list:
(grfext)             [.pdf,.png,.jpg,.mps,.jpeg,.jbig2,.jb2,.PDF,.PNG,.JPG,.JPEG,.JBIG2,.JB2,.eps]
(grfext)             \AppendGraphicsExtensions on input line 456.
 (/usr/local/texlive/2019/texmf-dist/tex/latex/latexconfig/epstopdf-sys.cfg
File: epstopdf-sys.cfg 2010/07/13 v1.3 Configuration of (r)epstopdf for TeX Live
))
Package caption Info: Begin \AtBeginDocument code.
Package caption Info: float package is loaded.
Package caption Info: longtable package is loaded.
 (/usr/local/texlive/2019/texmf-dist/tex/latex/caption/ltcaption.sty
Package: ltcaption 2018/08/26 v1.4-95 longtable captions (AR)
)
Package caption Info: End \AtBeginDocument code.
 (/usr/local/texlive/2019/texmf-dist/tex/latex/oberdiek/pdflscape.sty
Package: pdflscape 2016/05/14 v0.11 Display of landscape pages in PDF (HO)
 (/usr/local/texlive/2019/texmf-dist/tex/latex/graphics/lscape.sty
Package: lscape 2000/10/22 v3.01 Landscape Pages (DPC)
)
Package pdflscape Info: Auto-detected driver: pdftex on input line 81.
)
Now handling font encoding TS1 ...
... processing UTF-8 mapping file for font encoding TS1
 (/usr/local/texlive/2019/texmf-dist/tex/latex/base/ts1enc.dfu
File: ts1enc.dfu 2018/10/05 v1.2f UTF-8 support for inputenc
   defining Unicode char U+00A2 (decimal 162)
   defining Unicode char U+00A3 (decimal 163)
   defining Unicode char U+00A4 (decimal 164)
   defining Unicode char U+00A5 (decimal 165)
   defining Unicode char U+00A6 (decimal 166)
   defining Unicode char U+00A7 (decimal 167)
   defining Unicode char U+00A8 (decimal 168)
   defining Unicode char U+00A9 (decimal 169)
   defining Unicode char U+00AA (decimal 170)
   defining Unicode char U+00AC (decimal 172)
   defining Unicode char U+00AE (decimal 174)
   defining Unicode char U+00AF (decimal 175)
   defining Unicode char U+00B0 (decimal 176)
   defining Unicode char U+00B1 (decimal 177)
   defining Unicode char U+00B2 (decimal 178)
   defining Unicode char U+00B3 (decimal 179)
   defining Unicode char U+00B4 (decimal 180)
   defining Unicode char U+00B5 (decimal 181)
   defining Unicode char U+00B6 (decimal 182)
   defining Unicode char U+00B7 (decimal 183)
   defining Unicode char U+00B9 (decimal 185)
   defining Unicode char U+00BA (decimal 186)
   defining Unicode char U+00BC (decimal 188)
   defining Unicode char U+00BD (decimal 189)
   defining Unicode char U+00BE (decimal 190)
   defining Unicode char U+00D7 (decimal 215)
   defining Unicode char U+00F7 (decimal 247)
   defining Unicode char U+0192 (decimal 402)
   defining Unicode char U+02C7 (decimal 711)
   defining Unicode char U+02D8 (decimal 728)
   defining Unicode char U+02DD (decimal 733)
   defining Unicode char U+0E3F (decimal 3647)
   defining Unicode char U+2016 (decimal 8214)
   defining Unicode char U+2020 (decimal 8224)
   defining Unicode char U+2021 (decimal 8225)
   defining Unicode char U+2022 (decimal 8226)
   defining Unicode char U+2030 (decimal 8240)
   defining Unicode char U+2031 (decimal 8241)
   defining Unicode char U+203B (decimal 8251)
   defining Unicode char U+203D (decimal 8253)
   defining Unicode char U+2044 (decimal 8260)
   defining Unicode char U+204E (decimal 8270)
   defining Unicode char U+2052 (decimal 8274)
   defining Unicode char U+20A1 (decimal 8353)
   defining Unicode char U+20A4 (decimal 8356)
   defining Unicode char U+20A6 (decimal 8358)
   defining Unicode char U+20A9 (decimal 8361)
   defining Unicode char U+20AB (decimal 8363)
   defining Unicode char U+20AC (decimal 8364)
   defining Unicode char U+20B1 (decimal 8369)
   defining Unicode char U+2103 (decimal 8451)
   defining Unicode char U+2116 (decimal 8470)
   defining Unicode char U+2117 (decimal 8471)
   defining Unicode char U+211E (decimal 8478)
   defining Unicode char U+2120 (decimal 8480)
   defining Unicode char U+2122 (decimal 8482)
   defining Unicode char U+2126 (decimal 8486)
   defining Unicode char U+2127 (decimal 8487)
   defining Unicode char U+212E (decimal 8494)
   defining Unicode char U+2190 (decimal 8592)
   defining Unicode char U+2191 (decimal 8593)
   defining Unicode char U+2192 (decimal 8594)
   defining Unicode char U+2193 (decimal 8595)
   defining Unicode char U+2329 (decimal 9001)
   defining Unicode char U+232A (decimal 9002)
   defining Unicode char U+2422 (decimal 9250)
   defining Unicode char U+25E6 (decimal 9702)
   defining Unicode char U+25EF (decimal 9711)
   defining Unicode char U+266A (decimal 9834)
   defining Unicode char U+FEFF (decimal 65279)
) (/usr/local/texlive/2019/texmf-dist/tex/latex/translator/translator-basic-dictionary-English.dict
Dictionary: translator-basic-dictionary, Language: English 
) (/usr/local/texlive/2019/texmf-dist/tex/latex/siunitx/siunitx-abbreviations.cfg
File: siunitx-abbreviations.cfg 2017/11/26 v2.7k siunitx: Abbreviated units
)
LaTeX Font Info:    Try loading font information for OT1+lmr on input line 10.
 (/usr/local/texlive/2019/texmf-dist/tex/latex/lm/ot1lmr.fd
File: ot1lmr.fd 2009/10/30 v1.6 Font defs for Latin Modern
)
LaTeX Font Info:    Try loading font information for OML+lmm on input line 10.
 (/usr/local/texlive/2019/texmf-dist/tex/latex/lm/omllmm.fd
File: omllmm.fd 2009/10/30 v1.6 Font defs for Latin Modern
)
LaTeX Font Info:    Try loading font information for OMS+lmsy on input line 10.
 (/usr/local/texlive/2019/texmf-dist/tex/latex/lm/omslmsy.fd
File: omslmsy.fd 2009/10/30 v1.6 Font defs for Latin Modern
)
LaTeX Font Info:    Try loading font information for OMX+lmex on input line 10.
 (/usr/local/texlive/2019/texmf-dist/tex/latex/lm/omxlmex.fd
File: omxlmex.fd 2009/10/30 v1.6 Font defs for Latin Modern
)
LaTeX Font Info:    External font `lmex10' loaded for size
(Font)              <10> on input line 10.
LaTeX Font Info:    External font `lmex10' loaded for size
(Font)              <7> on input line 10.
LaTeX Font Info:    External font `lmex10' loaded for size
(Font)              <5> on input line 10.
LaTeX Font Info:    Try loading font information for U+msa on input line 10.
 (/usr/local/texlive/2019/texmf-dist/tex/latex/amsfonts/umsa.fd
File: umsa.fd 2013/01/14 v3.01 AMS symbols A
)
LaTeX Font Info:    Try loading font information for U+msb on input line 10.
 (/usr/local/texlive/2019/texmf-dist/tex/latex/amsfonts/umsb.fd
File: umsb.fd 2013/01/14 v3.01 AMS symbols B
)
LaTeX Font Info:    Try loading font information for U+rsfs on input line 10.
 (/usr/local/texlive/2019/texmf-dist/tex/latex/jknapltx/ursfs.fd
File: ursfs.fd 1998/03/24 rsfs font definition file (jk)
)
LaTeX Font Info:    Try loading font information for OT1+lmss on input line 10.
 (/usr/local/texlive/2019/texmf-dist/tex/latex/lm/ot1lmss.fd
File: ot1lmss.fd 2009/10/30 v1.6 Font defs for Latin Modern
)
LaTeX Font Info:    Try loading font information for OT1+lmtt on input line 10.
 (/usr/local/texlive/2019/texmf-dist/tex/latex/lm/ot1lmtt.fd
File: ot1lmtt.fd 2009/10/30 v1.6 Font defs for Latin Modern
) (/Users/gregoirehaniquaut/Dropbox/3 - ENSAE_Dakar/S1/Econometrie_qualitative/Projet/Latex/00_main.toc)
\tf@toc=\write4
\openout4 = `00_main.toc'.

 (/Users/gregoirehaniquaut/Dropbox/3 - ENSAE_Dakar/S1/Econometrie_qualitative/Projet/Latex/00_main.lot)
\tf@lot=\write5
\openout5 = `00_main.lot'.

 (/Users/gregoirehaniquaut/Dropbox/3 - ENSAE_Dakar/S1/Econometrie_qualitative/Projet/Latex/00_main.lof)
\tf@lof=\write6
\openout6 = `00_main.lof'.

 [1

{/usr/local/texlive/2019/texmf-var/fonts/map/pdftex/updmap/pdftex.map}] (/Users/gregoirehaniquaut/Dropbox/3 - ENSAE_Dakar/S1/Econometrie_qualitative/Projet/Latex/10_section1.tex
<101_graphics/11_Stats_desc.png, id=151, 735.74875pt x 395.4775pt>
File: 101_graphics/11_Stats_desc.png Graphic file (type png)
<use 101_graphics/11_Stats_desc.png>
Package pdftex.def Info: 101_graphics/11_Stats_desc.png  used on input line 22.
(pdftex.def)             Requested size: 478.23102pt x 257.05733pt.

Overfull \hbox (34.65254pt too wide) in paragraph at lines 22--25
 [][] 
 []

[2

 </Users/gregoirehaniquaut/Dropbox/3 - ENSAE_Dakar/S1/Econometrie_qualitative/Projet/Latex/101_graphics/11_Stats_desc.png>] [3]
<101_graphics/boxplot.pdf, id=174, 225.4824pt x 172.86984pt>
File: 101_graphics/boxplot.pdf Graphic file (type pdf)
<use 101_graphics/boxplot.pdf>
Package pdftex.def Info: 101_graphics/boxplot.pdf  used on input line 57.
(pdftex.def)             Requested size: 225.48184pt x 172.8694pt.
 [4 </Users/gregoirehaniquaut/Dropbox/3 - ENSAE_Dakar/S1/Econometrie_qualitative/Projet/Latex/101_graphics/boxplot.pdf>]
<100_tab_results/partie1logitdicho.png, id=190, 470.7186pt x 335.8146pt>
File: 100_tab_results/partie1logitdicho.png Graphic file (type png)
<use 100_tab_results/partie1logitdicho.png>
Package pdftex.def Info: 100_tab_results/partie1logitdicho.png  used on input line 94.
(pdftex.def)             Requested size: 376.57538pt x 268.65204pt.
 [5 </Users/gregoirehaniquaut/Dropbox/3 - ENSAE_Dakar/S1/Econometrie_qualitative/Projet/Latex/100_tab_results/partie1logitdicho.png>]
<100_tab_results/probitdicho.png, id=203, 470.7186pt x 335.8146pt>
File: 100_tab_results/probitdicho.png Graphic file (type png)
<use 100_tab_results/probitdicho.png>
Package pdftex.def Info: 100_tab_results/probitdicho.png  used on input line 117.
(pdftex.def)             Requested size: 376.57538pt x 268.65204pt.
 [6 </Users/gregoirehaniquaut/Dropbox/3 - ENSAE_Dakar/S1/Econometrie_qualitative/Projet/Latex/100_tab_results/probitdicho.png>]
<100_tab_results/probalineaire.png, id=218, 470.7186pt x 285.7074pt>
File: 100_tab_results/probalineaire.png Graphic file (type png)
<use 100_tab_results/probalineaire.png>
Package pdftex.def Info: 100_tab_results/probalineaire.png  used on input line 142.
(pdftex.def)             Requested size: 376.57538pt x 228.56621pt.
 [7 </Users/gregoirehaniquaut/Dropbox/3 - ENSAE_Dakar/S1/Econometrie_qualitative/Projet/Latex/100_tab_results/probalineaire.png>]
<101_graphics/histogram_yhat.pdf, id=227, 397.485pt x 289.08pt>
File: 101_graphics/histogram_yhat.pdf Graphic file (type pdf)
<use 101_graphics/histogram_yhat.pdf>
Package pdftex.def Info: 101_graphics/histogram_yhat.pdf  used on input line 191.
(pdftex.def)             Requested size: 278.2376pt x 202.35461pt.
 (/Users/gregoirehaniquaut/Dropbox/3 - ENSAE_Dakar/S1/Econometrie_qualitative/Projet/Latex/100_tab_results/MarginalEffectsLogitProbit.tex
LaTeX Font Info:    External font `lmex10' loaded for size
(Font)              <8> on input line 37.
LaTeX Font Info:    External font `lmex10' loaded for size
(Font)              <6> on input line 37.
) [8 </Users/gregoirehaniquaut/Dropbox/3 - ENSAE_Dakar/S1/Econometrie_qualitative/Projet/Latex/101_graphics/histogram_yhat.pdf>] (/Users/gregoirehaniquaut/Dropbox/3 - ENSAE_Dakar/S1/Econometrie_qualitative/Projet/Latex/16_section.tex
<101_graphics/EvoProbaExperience.pdf, id=245, 225.4824pt x 172.86984pt>
File: 101_graphics/EvoProbaExperience.pdf Graphic file (type pdf)
<use 101_graphics/EvoProbaExperience.pdf>
Package pdftex.def Info: 101_graphics/EvoProbaExperience.pdf  used on input line 5.
(pdftex.def)             Requested size: 338.22276pt x 259.3041pt.
 [9 </Users/gregoirehaniquaut/Dropbox/3 - ENSAE_Dakar/S1/Econometrie_qualitative/Projet/Latex/101_graphics/EvoProbaExperience.pdf>])
<100_tab_results/MCOsurlestravailleurs.png, id=265, 352.1958pt x 212.4738pt>
File: 100_tab_results/MCOsurlestravailleurs.png Graphic file (type png)
<use 100_tab_results/MCOsurlestravailleurs.png>
Package pdftex.def Info: 100_tab_results/MCOsurlestravailleurs.png  used on input line 259.
(pdftex.def)             Requested size: 281.75702pt x 169.97925pt.
 [10]
<100_tab_results/MCOensemblepopu.png, id=271, 343.0416pt x 236.5638pt>
File: 100_tab_results/MCOensemblepopu.png Graphic file (type png)
<use 100_tab_results/MCOensemblepopu.png>
Package pdftex.def Info: 100_tab_results/MCOensemblepopu.png  used on input line 271.
(pdftex.def)             Requested size: 274.43364pt x 189.25128pt.
 [11 </Users/gregoirehaniquaut/Dropbox/3 - ENSAE_Dakar/S1/Econometrie_qualitative/Projet/Latex/100_tab_results/MCOsurlestravailleurs.png> </Users/gregoirehaniquaut/Dropbox/3 - ENSAE_Dakar/S1/Econometrie_qualitative/Projet/Latex/100_tab_results/MCOensemblepopu.png>]
<100_tab_results/tobit.png, id=280, 365.2044pt x 330.033pt>
File: 100_tab_results/tobit.png Graphic file (type png)
<use 100_tab_results/tobit.png>
Package pdftex.def Info: 100_tab_results/tobit.png  used on input line 287.
(pdftex.def)             Requested size: 292.16391pt x 264.02675pt.
<101_graphics/Tobitresidu.pdf, id=282, 225.4824pt x 172.86984pt>
File: 101_graphics/Tobitresidu.pdf Graphic file (type pdf)
<use 101_graphics/Tobitresidu.pdf>
Package pdftex.def Info: 101_graphics/Tobitresidu.pdf  used on input line 297.
(pdftex.def)             Requested size: 225.48184pt x 172.8694pt.


LaTeX Warning: `h' float specifier changed to `ht'.

<100_tab_results/Heckman.png, id=284, 405.1938pt x 466.3824pt>
File: 100_tab_results/Heckman.png Graphic file (type png)
<use 100_tab_results/Heckman.png>
Package pdftex.def Info: 100_tab_results/Heckman.png  used on input line 309.
(pdftex.def)             Requested size: 324.15547pt x 373.10641pt.

LaTeX Warning: `!h' float specifier changed to `!ht'.

[12 </Users/gregoirehaniquaut/Dropbox/3 - ENSAE_Dakar/S1/Econometrie_qualitative/Projet/Latex/100_tab_results/tobit.png>]

LaTeX Warning: Text page 13 contains only floats.


Overfull \vbox (1.72235pt too high) has occurred while \output is active []

 [13 </Users/gregoirehaniquaut/Dropbox/3 - ENSAE_Dakar/S1/Econometrie_qualitative/Projet/Latex/101_graphics/Tobitresidu.pdf> </Users/gregoirehaniquaut/Dropbox/3 - ENSAE_Dakar/S1/Econometrie_qualitative/Projet/Latex/100_tab_results/Heckman.png>] (/Users/gregoirehaniquaut/Dropbox/3 - ENSAE_Dakar/S1/Econometrie_qualitative/Projet/Latex/18_section.tex [14] (/Users/gregoirehaniquaut/Dropbox/3 - ENSAE_Dakar/S1/Econometrie_qualitative/Projet/Latex/100_tab_results/CountModel.tex
LaTeX Font Info:    External font `lmex10' loaded for size
(Font)              <9> on input line 10.
) [15

])) [16] (/Users/gregoirehaniquaut/Dropbox/3 - ENSAE_Dakar/S1/Econometrie_qualitative/Projet/Latex/20_section2.tex

LaTeX Warning: Command \' invalid in math mode on input line 31.


LaTeX Warning: Command \' invalid in math mode on input line 31.

<100_tab_results/mlogit.png, id=327, 470.7186pt x 396.0396pt>
File: 100_tab_results/mlogit.png Graphic file (type png)
<use 100_tab_results/mlogit.png>
Package pdftex.def Info: 100_tab_results/mlogit.png  used on input line 45.
(pdftex.def)             Requested size: 258.89603pt x 217.82245pt.

LaTeX Warning: `h' float specifier changed to `ht'.

[17

]
<100_tab_results/mlogitRRR.png, id=337, 452.4102pt x 421.0932pt>
File: 100_tab_results/mlogitRRR.png Graphic file (type png)
<use 100_tab_results/mlogitRRR.png>
Package pdftex.def Info: 100_tab_results/mlogitRRR.png  used on input line 65.
(pdftex.def)             Requested size: 248.82637pt x 231.60197pt.


LaTeX Warning: `h' float specifier changed to `ht'.

[18 </Users/gregoirehaniquaut/Dropbox/3 - ENSAE_Dakar/S1/Econometrie_qualitative/Projet/Latex/100_tab_results/mlogit.png>]
<101_graphics/effetjoint.png, id=345, 470.7186pt x 326.1786pt>
File: 101_graphics/effetjoint.png Graphic file (type png)
<use 101_graphics/effetjoint.png>
Package pdftex.def Info: 101_graphics/effetjoint.png  used on input line 92.
(pdftex.def)             Requested size: 235.35872pt x 163.0889pt.
<100_tab_results/mlogitRRRinteraction.png, id=346, 470.7186pt x 518.8986pt>
File: 100_tab_results/mlogitRRRinteraction.png Graphic file (type png)
<use 100_tab_results/mlogitRRRinteraction.png>
Package pdftex.def Info: 100_tab_results/mlogitRRRinteraction.png  used on input line 104.
(pdftex.def)             Requested size: 258.89603pt x 285.39511pt.
 [19 </Users/gregoirehaniquaut/Dropbox/3 - ENSAE_Dakar/S1/Econometrie_qualitative/Projet/Latex/100_tab_results/mlogitRRR.png> </Users/gregoirehaniquaut/Dropbox/3 - ENSAE_Dakar/S1/Econometrie_qualitative/Projet/Latex/101_graphics/effetjoint.png>]
<101_graphics/arbre.png, id=356, 373.395pt x 180.675pt>
File: 101_graphics/arbre.png Graphic file (type png)
<use 101_graphics/arbre.png>
Package pdftex.def Info: 101_graphics/arbre.png  used on input line 136.
(pdftex.def)             Requested size: 261.37471pt x 126.47162pt.


LaTeX Warning: `!h' float specifier changed to `!ht'.

<100_tab_results/logitsequentiel.png, id=357, 449.5194pt x 399.4122pt>
File: 100_tab_results/logitsequentiel.png Graphic file (type png)
<use 100_tab_results/logitsequentiel.png>
Package pdftex.def Info: 100_tab_results/logitsequentiel.png  used on input line 147.
(pdftex.def)             Requested size: 247.23642pt x 219.67738pt.

LaTeX Warning: `h' float specifier changed to `ht'.

[20 </Users/gregoirehaniquaut/Dropbox/3 - ENSAE_Dakar/S1/Econometrie_qualitative/Projet/Latex/100_tab_results/mlogitRRRinteraction.png>] [21 </Users/gregoirehaniquaut/Dropbox/3 - ENSAE_Dakar/S1/Econometrie_qualitative/Projet/Latex/101_graphics/arbre.png> </Users/gregoirehaniquaut/Dropbox/3 - ENSAE_Dakar/S1/Econometrie_qualitative/Projet/Latex/100_tab_results/logitsequentiel.png>])
Package atveryend Info: Empty hook `BeforeClearDocument' on input line 31.
 [22]
Package atveryend Info: Empty hook `AfterLastShipout' on input line 31.
 (/Users/gregoirehaniquaut/Dropbox/3 - ENSAE_Dakar/S1/Econometrie_qualitative/Projet/Latex/00_main.aux)
Package atveryend Info: Executing hook `AtVeryEndDocument' on input line 31.
Package atveryend Info: Executing hook `AtEndAfterFileList' on input line 31.
Package rerunfilecheck Info: File `00_main.out' has not changed.
(rerunfilecheck)             Checksum: DDC2D2521C52976E8FD4E6D3D0BEB54B;2064.
Package atveryend Info: Empty hook `AtVeryVeryEnd' on input line 31.
 ) 
Here is how much of TeX's memory you used:
 25770 strings out of 492616
 467571 string characters out of 6129482
 596332 words of memory out of 5000000
 29185 multiletter control sequences out of 15000+600000
 630647 words of font info for 90 fonts, out of 8000000 for 9000
 1141 hyphenation exceptions out of 8191
 48i,11n,84p,1396b,882s stack positions out of 5000i,500n,10000p,200000b,80000s
{/usr/local/texlive/2019/texmf-dist/fonts/enc/dvips/lm/lm-mathit.enc}{/usr/local/texlive/2019/texmf-dist/fonts/enc/dvips/lm/lm-mathsy.enc}{/usr/local/texlive/2019/texmf-dist/fonts/enc/dvips/lm/lm-ec.enc}{/usr/local/texlive/2019/texmf-dist/fonts/enc/dvips/lm/lm-rm.enc}{/usr/local/texlive/2019/texmf-dist/fonts/enc/dvips/lm/lm-mathex.enc}</usr/local/texlive/2019/texmf-dist/fonts/type1/public/lm/lmbx10.pfb></usr/local/texlive/2019/texmf-dist/fonts/type1/public/lm/lmbx12.pfb></usr/local/texlive/2019/texmf-dist/fonts/type1/public/lm/lmbxi10.pfb></usr/local/texlive/2019/texmf-dist/fonts/type1/public/lm/lmcsc10.pfb></usr/local/texlive/2019/texmf-dist/fonts/type1/public/lm/lmex10.pfb></usr/local/texlive/2019/texmf-dist/fonts/type1/public/lm/lmmi10.pfb></usr/local/texlive/2019/texmf-dist/fonts/type1/public/lm/lmmi5.pfb></usr/local/texlive/2019/texmf-dist/fonts/type1/public/lm/lmmi6.pfb></usr/local/texlive/2019/texmf-dist/fonts/type1/public/lm/lmmi7.pfb></usr/local/texlive/2019/texmf-dist/fonts/type1/public/lm/lmmi8.pfb></usr/local/texlive/2019/texmf-dist/fonts/type1/public/lm/lmmi9.pfb></usr/local/texlive/2019/texmf-dist/fonts/type1/public/lm/lmr10.pfb></usr/local/texlive/2019/texmf-dist/fonts/type1/public/lm/lmr5.pfb></usr/local/texlive/2019/texmf-dist/fonts/type1/public/lm/lmr6.pfb></usr/local/texlive/2019/texmf-dist/fonts/type1/public/lm/lmr7.pfb></usr/local/texlive/2019/texmf-dist/fonts/type1/public/lm/lmr8.pfb></usr/local/texlive/2019/texmf-dist/fonts/type1/public/lm/lmr9.pfb></usr/local/texlive/2019/texmf-dist/fonts/type1/public/lm/lmri10.pfb></usr/local/texlive/2019/texmf-dist/fonts/type1/public/lm/lmri8.pfb></usr/local/texlive/2019/texmf-dist/fonts/type1/public/lm/lmri9.pfb></usr/local/texlive/2019/texmf-dist/fonts/type1/public/lm/lmsy10.pfb></usr/local/texlive/2019/texmf-dist/fonts/type1/public/lm/lmsy5.pfb></usr/local/texlive/2019/texmf-dist/fonts/type1/public/lm/lmsy6.pfb></usr/local/texlive/2019/texmf-dist/fonts/type1/public/lm/lmsy7.pfb></usr/local/texlive/2019/texmf-dist/fonts/type1/public/lm/lmsy8.pfb></usr/local/texlive/2019/texmf-dist/fonts/type1/public/amsfonts/symbols/msam10.pfb>
Output written on "/Users/gregoirehaniquaut/Dropbox/3 - ENSAE_Dakar/S1/Econometrie_qualitative/Projet/Latex/00_main.pdf" (22 pages, 2675601 bytes).
PDF statistics:
 491 PDF objects out of 1000 (max. 8388607)
 397 compressed objects within 4 object streams
 92 named destinations out of 1000 (max. 500000)
 251 words of extra memory for PDF output out of 10000 (max. 10000000)

